0 info it worked if it ends with ok
1 verbose cli [ 'node', '/usr/local/bin/npm', 'run', 'prepare' ]
2 info using npm@1.4.28
3 info using node@v0.10.32
4 verbose run-script [ 'prepare' ]
5 info prepare substance-archivist@0.0.1
6 verbose unsafe-perm in lifecycle true
7 info substance-archivist@0.0.1 Failed to exec prepare script
8 error substance-archivist@0.0.1 prepare: `gulp compress`
8 error Exit status 8
9 error Failed at the substance-archivist@0.0.1 prepare script.
9 error This is most likely a problem with the substance-archivist package,
9 error not with npm itself.
9 error Tell the author that this fails on your system:
9 error     gulp compress
9 error You can get their info via:
9 error     npm owner ls substance-archivist
9 error There is likely additional logging output above.
10 error System Darwin 14.0.0
11 error command "node" "/usr/local/bin/npm" "run" "prepare"
12 error cwd /Users/danielbeilinson/Documents/code/archivist
13 error node -v v0.10.32
14 error npm -v 1.4.28
15 error code ELIFECYCLE
16 verbose exit [ 1, true ]
