0 info it worked if it ends with ok
1 verbose cli [ 'node', '/usr/local/bin/npm', 'view', 'select2/select2' ]
2 info using npm@1.4.28
3 info using node@v0.10.32
4 verbose request where is /select2/select2
5 verbose request registry https://registry.npmjs.org/
6 verbose request id 5853fe71b000997a
7 verbose url raw /select2/select2
8 verbose url resolving [ 'https://registry.npmjs.org/', './select2/select2' ]
9 verbose url resolved https://registry.npmjs.org/select2/select2
10 verbose request where is https://registry.npmjs.org/select2/select2
11 info trying registry request attempt 1 at 01:33:15
12 http GET https://registry.npmjs.org/select2/select2
13 http 404 https://registry.npmjs.org/select2/select2
14 verbose headers { date: 'Sun, 05 Apr 2015 22:33:16 GMT',
14 verbose headers   server: 'CouchDB/1.5.0 (Erlang OTP/R16B03)',
14 verbose headers   etag: '"63QOM87YIFOFDECCQMKTYSGWP"',
14 verbose headers   'content-type': 'application/json',
14 verbose headers   'cache-control': 'max-age=0',
14 verbose headers   'content-length': '38',
14 verbose headers   'accept-ranges': 'bytes',
14 verbose headers   via: '1.1 varnish',
14 verbose headers   age: '0',
14 verbose headers   'x-served-by': 'cache-fra1248-FRA',
14 verbose headers   'x-cache': 'MISS',
14 verbose headers   'x-cache-hits': '0',
14 verbose headers   'x-timer': 'S1428273196.471072,VS0,VE429',
14 verbose headers   vary: 'Accept',
14 verbose headers   'keep-alive': 'timeout=10, max=50',
14 verbose headers   connection: 'Keep-Alive' }
15 silly registry.get cb [ 404,
15 silly registry.get   { date: 'Sun, 05 Apr 2015 22:33:16 GMT',
15 silly registry.get     server: 'CouchDB/1.5.0 (Erlang OTP/R16B03)',
15 silly registry.get     etag: '"63QOM87YIFOFDECCQMKTYSGWP"',
15 silly registry.get     'content-type': 'application/json',
15 silly registry.get     'cache-control': 'max-age=0',
15 silly registry.get     'content-length': '38',
15 silly registry.get     'accept-ranges': 'bytes',
15 silly registry.get     via: '1.1 varnish',
15 silly registry.get     age: '0',
15 silly registry.get     'x-served-by': 'cache-fra1248-FRA',
15 silly registry.get     'x-cache': 'MISS',
15 silly registry.get     'x-cache-hits': '0',
15 silly registry.get     'x-timer': 'S1428273196.471072,VS0,VE429',
15 silly registry.get     vary: 'Accept',
15 silly registry.get     'keep-alive': 'timeout=10, max=50',
15 silly registry.get     connection: 'Keep-Alive' } ]
16 error Error: version not found: select2 : select2/select2
16 error     at RegClient.<anonymous> (/usr/local/lib/node_modules/npm/node_modules/npm-registry-client/lib/request.js:308:14)
16 error     at Request._callback (/usr/local/lib/node_modules/npm/node_modules/npm-registry-client/lib/request.js:246:65)
16 error     at Request.self.callback (/usr/local/lib/node_modules/npm/node_modules/request/request.js:236:22)
16 error     at Request.emit (events.js:98:17)
16 error     at Request.<anonymous> (/usr/local/lib/node_modules/npm/node_modules/request/request.js:1142:14)
16 error     at Request.emit (events.js:117:20)
16 error     at IncomingMessage.<anonymous> (/usr/local/lib/node_modules/npm/node_modules/request/request.js:1096:12)
16 error     at IncomingMessage.emit (events.js:117:20)
16 error     at _stream_readable.js:943:16
16 error     at process._tickCallback (node.js:419:13)
17 error If you need help, you may report this *entire* log,
17 error including the npm and node versions, at:
17 error     <http://github.com/npm/npm/issues>
18 error System Darwin 14.1.0
19 error command "node" "/usr/local/bin/npm" "view" "select2/select2"
20 error cwd /Users/danielbeilinson/Documents/code/archivist/client/platform
21 error node -v v0.10.32
22 error npm -v 1.4.28
23 verbose exit [ 1, true ]
